app/build/intermediates/manifest_merge_blame_file/debug/processDebugMainManifest/manifest-merger-blame-debug-report.txt
1<?xml version="1.0" encoding="utf-8"?>
2<manifest xmlns:android="http://schemas.android.com/apk/res/android"
3    package="com.farida.app"
4    android:versionCode="1"
5    android:versionName="1.0" >
6
7    <uses-sdk
8        android:minSdkVersion="24"
9        android:targetSdkVersion="35" />
10
11    <uses-permission android:name="android.permission.RECORD_AUDIO" />
11-->src/main/AndroidManifest.xml:3:5-71
11-->src/main/AndroidManifest.xml:3:22-68
12    <uses-permission android:name="android.permission.CALL_PHONE" />
12-->src/main/AndroidManifest.xml:4:5-69
12-->src/main/AndroidManifest.xml:4:22-66
13
14    <application
14-->src/main/AndroidManifest.xml:6:5-23:19
15        android:allowBackup="true"
15-->src/main/AndroidManifest.xml:7:9-35
16        android:debuggable="true"
17        android:extractNativeLibs="false"
18        android:label="Farida"
18-->src/main/AndroidManifest.xml:8:9-31
19        android:supportsRtl="true"
19-->src/main/AndroidManifest.xml:9:9-35
20        android:theme="@style/AppTheme" >
20-->src/main/AndroidManifest.xml:10:9-40
21        <activity
21-->src/main/AndroidManifest.xml:12:9-21:20
22            android:name="com.farida.app.MainActivity"
22-->src/main/AndroidManifest.xml:13:13-41
23            android:exported="true" >
23-->src/main/AndroidManifest.xml:14:13-36
24            <intent-filter>
24-->src/main/AndroidManifest.xml:16:13-19:29
25                <action android:name="android.intent.action.MAIN" />
25-->src/main/AndroidManifest.xml:17:17-69
25-->src/main/AndroidManifest.xml:17:25-66
26
27                <category android:name="android.intent.category.LAUNCHER" />
27-->src/main/AndroidManifest.xml:18:17-77
27-->src/main/AndroidManifest.xml:18:27-74
28            </intent-filter>
29        </activity>
30    </application>
31
32</manifest>